Traceback (most recent call last):
  File "/home/runner/work/ryde/ryde/main.py", line 200, in main
    await client.start(config.discord_token, reconnect=False)
  File "/opt/hostedtoolcache/Python/3.11.13/x64/lib/python3.11/site-packages/discord/client.py", line 857, in start
    await self.login(token)
  File "/opt/hostedtoolcache/Python/3.11.13/x64/lib/python3.11/site-packages/discord/client.py", line 698, in login
    data = await state.http.static_login(token.strip())
           ^^^^^^^^^^^^^^^^^^^^^^^^^^^^^^^^^^^^^^^^^^^^
  File "/opt/hostedtoolcache/Python/3.11.13/x64/lib/python3.11/site-packages/discord/http.py", line 994, in static_login
    data = await self.get_me()
           ^^^^^^^^^^^^^^^^^^^
  File "/opt/hostedtoolcache/Python/3.11.13/x64/lib/python3.11/site-packages/discord/http.py", line 834, in request
    raise DiscordServerError(response, data)
discord.errors.DiscordServerError: 503 Service Unavailable (error code: 0): upstream connect error or disconnect/reset before headers. reset reason: overflow
2025-11-21 01:00:58,980 - [32mINFO[0m - Configuration loaded successfully.
2025-11-21 01:00:58,980 - [32mINFO[0m - State loaded successfully.
2025-11-21 01:00:58,991 - [32mINFO[0m - Starting Discord monitor.
2025-11-21 01:00:58,991 - [32mINFO[0m - Logging in using static token.
2025-11-21 01:00:59,087 - [32mINFO[0m - Found user agent Mozilla/5.0 (Windows NT 10.0; Win64; x64) AppleWebKit/537.36 (KHTML, like Gecko) Chrome/143.0.0.0 Safari/537.36, build number 471091.
2025-11-21 01:01:00,542 - [32mINFO[0m - Connected to Gateway (Session ID: 161f73bbb853a3129b82e731112dde5f).
2025-11-21 01:01:01,078 - [32mINFO[0m - Logged in as mozafari#0
2025-11-21 01:01:01,079 - [32mINFO[0m - Discovered 41 guild(s).
2025-11-21 01:01:01,079 - [32mINFO[0m - Checking DMs.
2025-11-21 01:01:25,664 - [32mINFO[0m - Checking friends.
2025-11-21 01:01:25,664 - [32mINFO[0m - Discovered 26 friend(s).
2025-11-21 01:01:26,524 - [32mINFO[0m - Photo sent to Telegram successfully.
2025-11-21 01:01:27,341 - [32mINFO[0m - Photo sent to Telegram successfully.
2025-11-21 01:01:28,063 - [32mINFO[0m - Photo sent to Telegram successfully.
2025-11-21 01:01:28,822 - [32mINFO[0m - Photo sent to Telegram successfully.
2025-11-21 01:01:29,526 - [32mINFO[0m - Photo sent to Telegram successfully.
2025-11-21 01:01:30,450 - [32mINFO[0m - Photo sent to Telegram successfully.
2025-11-21 01:01:31,168 - [32mINFO[0m - Photo sent to Telegram successfully.
2025-11-21 01:01:31,892 - [32mINFO[0m - Photo sent to Telegram successfully.
2025-11-21 01:01:32,589 - [32mINFO[0m - Photo sent to Telegram successfully.
2025-11-21 01:01:33,235 - [32mINFO[0m - Photo sent to Telegram successfully.
2025-11-21 01:01:33,238 - [32mINFO[0m - Sending daily Statistics summary
2025-11-21 01:01:33,638 - [32mINFO[0m - Message sent to Telegram successfully.
2025-11-21 01:01:33,639 - [32mINFO[0m - Daily Statistics summary sent
2025-11-21 01:01:33,639 - [32mINFO[0m - Checking voice channels.
2025-11-21 01:01:33,639 - [32mINFO[0m - Quick check completed, waiting 10 seconds.
2025-11-21 01:01:43,641 - [32mINFO[0m - State saved successfully.
